mode: set
github.com/SvetlanaGrin/todo-app/pkg/service/auth.go:29.65,31.2 1 1
github.com/SvetlanaGrin/todo-app/pkg/service/auth.go:33.64,36.2 2 1
github.com/SvetlanaGrin/todo-app/pkg/service/auth.go:38.80,41.16 3 1
github.com/SvetlanaGrin/todo-app/pkg/service/auth.go:41.16,43.3 1 1
github.com/SvetlanaGrin/todo-app/pkg/service/auth.go:45.2,53.47 2 1
github.com/SvetlanaGrin/todo-app/pkg/service/auth.go:55.67,56.109 1 1
github.com/SvetlanaGrin/todo-app/pkg/service/auth.go:56.109,57.58 1 0
github.com/SvetlanaGrin/todo-app/pkg/service/auth.go:57.58,59.4 1 0
github.com/SvetlanaGrin/todo-app/pkg/service/auth.go:60.3,60.33 1 0
github.com/SvetlanaGrin/todo-app/pkg/service/auth.go:62.2,62.16 1 1
github.com/SvetlanaGrin/todo-app/pkg/service/auth.go:62.16,64.3 1 1
github.com/SvetlanaGrin/todo-app/pkg/service/auth.go:65.2,66.9 2 0
github.com/SvetlanaGrin/todo-app/pkg/service/auth.go:66.9,68.3 1 0
github.com/SvetlanaGrin/todo-app/pkg/service/auth.go:69.2,69.27 1 0
github.com/SvetlanaGrin/todo-app/pkg/service/auth.go:72.51,76.2 3 1
github.com/SvetlanaGrin/todo-app/pkg/service/service.go:34.56,40.2 1 1
github.com/SvetlanaGrin/todo-app/pkg/service/todo_item.go:13.98,15.2 1 1
github.com/SvetlanaGrin/todo-app/pkg/service/todo_item.go:17.87,19.16 2 1
github.com/SvetlanaGrin/todo-app/pkg/service/todo_item.go:19.16,21.3 1 1
github.com/SvetlanaGrin/todo-app/pkg/service/todo_item.go:23.2,23.36 1 1
github.com/SvetlanaGrin/todo-app/pkg/service/todo_item.go:26.79,28.2 1 1
github.com/SvetlanaGrin/todo-app/pkg/service/todo_item.go:29.78,31.2 1 1
github.com/SvetlanaGrin/todo-app/pkg/service/todo_item.go:33.60,35.2 1 1
github.com/SvetlanaGrin/todo-app/pkg/service/todo_item.go:36.88,38.2 1 1
github.com/SvetlanaGrin/todo-app/pkg/service/todo_list.go:12.68,14.2 1 1
github.com/SvetlanaGrin/todo-app/pkg/service/todo_list.go:16.79,18.2 1 1
github.com/SvetlanaGrin/todo-app/pkg/service/todo_list.go:19.71,21.2 1 1
github.com/SvetlanaGrin/todo-app/pkg/service/todo_list.go:23.74,25.2 1 1
github.com/SvetlanaGrin/todo-app/pkg/service/todo_list.go:26.56,28.2 1 1
github.com/SvetlanaGrin/todo-app/pkg/service/todo_list.go:29.84,30.41 1 1
github.com/SvetlanaGrin/todo-app/pkg/service/todo_list.go:30.41,32.3 1 1
github.com/SvetlanaGrin/todo-app/pkg/service/todo_list.go:33.2,33.41 1 1
github.com/SvetlanaGrin/todo-app/pkg/handler/auth.go:10.42,13.49 2 1
github.com/SvetlanaGrin/todo-app/pkg/handler/auth.go:13.49,16.3 2 1
github.com/SvetlanaGrin/todo-app/pkg/handler/auth.go:18.2,19.16 2 1
github.com/SvetlanaGrin/todo-app/pkg/handler/auth.go:19.16,22.3 2 0
github.com/SvetlanaGrin/todo-app/pkg/handler/auth.go:23.2,25.4 1 1
github.com/SvetlanaGrin/todo-app/pkg/handler/auth.go:34.42,37.49 2 1
github.com/SvetlanaGrin/todo-app/pkg/handler/auth.go:37.49,40.3 2 1
github.com/SvetlanaGrin/todo-app/pkg/handler/auth.go:42.2,43.16 2 1
github.com/SvetlanaGrin/todo-app/pkg/handler/auth.go:43.16,46.3 2 0
github.com/SvetlanaGrin/todo-app/pkg/handler/auth.go:47.2,49.4 1 1
github.com/SvetlanaGrin/todo-app/pkg/handler/handler.go:12.53,14.2 1 1
github.com/SvetlanaGrin/todo-app/pkg/handler/handler.go:16.44,21.2 3 0
github.com/SvetlanaGrin/todo-app/pkg/handler/handler.go:21.2,24.3 2 0
github.com/SvetlanaGrin/todo-app/pkg/handler/handler.go:25.2,26.2 2 0
github.com/SvetlanaGrin/todo-app/pkg/handler/handler.go:26.2,28.3 2 0
github.com/SvetlanaGrin/todo-app/pkg/handler/handler.go:28.3,36.4 7 0
github.com/SvetlanaGrin/todo-app/pkg/handler/handler.go:36.4,39.5 2 0
github.com/SvetlanaGrin/todo-app/pkg/handler/handler.go:42.3,43.3 2 0
github.com/SvetlanaGrin/todo-app/pkg/handler/handler.go:43.3,47.4 3 0
github.com/SvetlanaGrin/todo-app/pkg/handler/handler.go:50.2,50.15 1 0
github.com/SvetlanaGrin/todo-app/pkg/handler/item.go:11.46,13.16 2 1
github.com/SvetlanaGrin/todo-app/pkg/handler/item.go:13.16,15.3 1 0
github.com/SvetlanaGrin/todo-app/pkg/handler/item.go:17.2,18.16 2 1
github.com/SvetlanaGrin/todo-app/pkg/handler/item.go:18.16,21.3 2 0
github.com/SvetlanaGrin/todo-app/pkg/handler/item.go:23.2,24.43 2 1
github.com/SvetlanaGrin/todo-app/pkg/handler/item.go:24.43,27.3 2 0
github.com/SvetlanaGrin/todo-app/pkg/handler/item.go:28.2,29.16 2 1
github.com/SvetlanaGrin/todo-app/pkg/handler/item.go:29.16,32.3 2 0
github.com/SvetlanaGrin/todo-app/pkg/handler/item.go:34.2,36.4 1 1
github.com/SvetlanaGrin/todo-app/pkg/handler/item.go:39.46,41.16 2 1
github.com/SvetlanaGrin/todo-app/pkg/handler/item.go:41.16,43.3 1 0
github.com/SvetlanaGrin/todo-app/pkg/handler/item.go:45.2,46.16 2 1
github.com/SvetlanaGrin/todo-app/pkg/handler/item.go:46.16,49.3 2 0
github.com/SvetlanaGrin/todo-app/pkg/handler/item.go:51.2,52.16 2 1
github.com/SvetlanaGrin/todo-app/pkg/handler/item.go:52.16,55.3 2 0
github.com/SvetlanaGrin/todo-app/pkg/handler/item.go:56.2,56.30 1 1
github.com/SvetlanaGrin/todo-app/pkg/handler/item.go:59.47,61.16 2 1
github.com/SvetlanaGrin/todo-app/pkg/handler/item.go:61.16,63.3 1 0
github.com/SvetlanaGrin/todo-app/pkg/handler/item.go:65.2,66.16 2 1
github.com/SvetlanaGrin/todo-app/pkg/handler/item.go:66.16,69.3 2 0
github.com/SvetlanaGrin/todo-app/pkg/handler/item.go:71.2,72.16 2 1
github.com/SvetlanaGrin/todo-app/pkg/handler/item.go:72.16,75.3 2 0
github.com/SvetlanaGrin/todo-app/pkg/handler/item.go:76.2,76.29 1 1
github.com/SvetlanaGrin/todo-app/pkg/handler/item.go:79.46,81.16 2 1
github.com/SvetlanaGrin/todo-app/pkg/handler/item.go:81.16,83.3 1 0
github.com/SvetlanaGrin/todo-app/pkg/handler/item.go:85.2,86.16 2 1
github.com/SvetlanaGrin/todo-app/pkg/handler/item.go:86.16,89.3 2 0
github.com/SvetlanaGrin/todo-app/pkg/handler/item.go:91.2,92.43 2 1
github.com/SvetlanaGrin/todo-app/pkg/handler/item.go:92.43,95.3 2 0
github.com/SvetlanaGrin/todo-app/pkg/handler/item.go:97.2,97.70 1 1
github.com/SvetlanaGrin/todo-app/pkg/handler/item.go:97.70,100.3 2 0
github.com/SvetlanaGrin/todo-app/pkg/handler/item.go:102.2,102.45 1 1
github.com/SvetlanaGrin/todo-app/pkg/handler/item.go:104.46,106.16 2 1
github.com/SvetlanaGrin/todo-app/pkg/handler/item.go:106.16,108.3 1 0
github.com/SvetlanaGrin/todo-app/pkg/handler/item.go:110.2,111.16 2 1
github.com/SvetlanaGrin/todo-app/pkg/handler/item.go:111.16,114.3 2 0
github.com/SvetlanaGrin/todo-app/pkg/handler/item.go:116.2,117.16 2 1
github.com/SvetlanaGrin/todo-app/pkg/handler/item.go:117.16,120.3 2 0
github.com/SvetlanaGrin/todo-app/pkg/handler/item.go:121.2,121.45 1 1
github.com/SvetlanaGrin/todo-app/pkg/handler/list.go:11.46,13.16 2 1
github.com/SvetlanaGrin/todo-app/pkg/handler/list.go:13.16,15.3 1 0
github.com/SvetlanaGrin/todo-app/pkg/handler/list.go:17.2,18.43 2 1
github.com/SvetlanaGrin/todo-app/pkg/handler/list.go:18.43,21.3 2 0
github.com/SvetlanaGrin/todo-app/pkg/handler/list.go:22.2,23.16 2 1
github.com/SvetlanaGrin/todo-app/pkg/handler/list.go:23.16,26.3 2 0
github.com/SvetlanaGrin/todo-app/pkg/handler/list.go:28.2,30.4 1 1
github.com/SvetlanaGrin/todo-app/pkg/handler/list.go:37.46,39.16 2 1
github.com/SvetlanaGrin/todo-app/pkg/handler/list.go:39.16,41.3 1 0
github.com/SvetlanaGrin/todo-app/pkg/handler/list.go:43.2,44.16 2 1
github.com/SvetlanaGrin/todo-app/pkg/handler/list.go:44.16,47.3 2 1
github.com/SvetlanaGrin/todo-app/pkg/handler/list.go:49.2,51.4 1 1
github.com/SvetlanaGrin/todo-app/pkg/handler/list.go:54.47,56.16 2 1
github.com/SvetlanaGrin/todo-app/pkg/handler/list.go:56.16,58.3 1 0
github.com/SvetlanaGrin/todo-app/pkg/handler/list.go:59.2,61.16 3 1
github.com/SvetlanaGrin/todo-app/pkg/handler/list.go:61.16,64.3 2 0
github.com/SvetlanaGrin/todo-app/pkg/handler/list.go:66.2,67.16 2 1
github.com/SvetlanaGrin/todo-app/pkg/handler/list.go:67.16,70.3 2 0
github.com/SvetlanaGrin/todo-app/pkg/handler/list.go:72.2,72.29 1 1
github.com/SvetlanaGrin/todo-app/pkg/handler/list.go:75.46,77.16 2 1
github.com/SvetlanaGrin/todo-app/pkg/handler/list.go:77.16,79.3 1 0
github.com/SvetlanaGrin/todo-app/pkg/handler/list.go:81.2,82.16 2 1
github.com/SvetlanaGrin/todo-app/pkg/handler/list.go:82.16,85.3 2 0
github.com/SvetlanaGrin/todo-app/pkg/handler/list.go:87.2,88.43 2 1
github.com/SvetlanaGrin/todo-app/pkg/handler/list.go:88.43,91.3 2 0
github.com/SvetlanaGrin/todo-app/pkg/handler/list.go:93.2,93.70 1 1
github.com/SvetlanaGrin/todo-app/pkg/handler/list.go:93.70,96.3 2 0
github.com/SvetlanaGrin/todo-app/pkg/handler/list.go:98.2,98.45 1 1
github.com/SvetlanaGrin/todo-app/pkg/handler/list.go:101.46,103.16 2 1
github.com/SvetlanaGrin/todo-app/pkg/handler/list.go:103.16,105.3 1 0
github.com/SvetlanaGrin/todo-app/pkg/handler/list.go:107.2,108.16 2 1
github.com/SvetlanaGrin/todo-app/pkg/handler/list.go:108.16,111.3 2 0
github.com/SvetlanaGrin/todo-app/pkg/handler/list.go:113.2,114.16 2 1
github.com/SvetlanaGrin/todo-app/pkg/handler/list.go:114.16,117.3 2 0
github.com/SvetlanaGrin/todo-app/pkg/handler/list.go:119.2,121.4 1 1
github.com/SvetlanaGrin/todo-app/pkg/handler/middleware.go:16.48,18.18 2 1
github.com/SvetlanaGrin/todo-app/pkg/handler/middleware.go:18.18,21.3 2 0
github.com/SvetlanaGrin/todo-app/pkg/handler/middleware.go:23.2,24.27 2 1
github.com/SvetlanaGrin/todo-app/pkg/handler/middleware.go:24.27,27.3 2 0
github.com/SvetlanaGrin/todo-app/pkg/handler/middleware.go:28.2,29.16 2 1
github.com/SvetlanaGrin/todo-app/pkg/handler/middleware.go:29.16,32.3 2 0
github.com/SvetlanaGrin/todo-app/pkg/handler/middleware.go:34.2,34.24 1 1
github.com/SvetlanaGrin/todo-app/pkg/handler/middleware.go:37.45,39.9 2 1
github.com/SvetlanaGrin/todo-app/pkg/handler/middleware.go:39.9,42.3 2 0
github.com/SvetlanaGrin/todo-app/pkg/handler/middleware.go:43.2,44.9 2 1
github.com/SvetlanaGrin/todo-app/pkg/handler/middleware.go:44.9,47.3 2 0
github.com/SvetlanaGrin/todo-app/pkg/handler/middleware.go:48.2,48.19 1 1
github.com/SvetlanaGrin/todo-app/pkg/handler/response.go:16.71,19.2 2 1
