mode: set
github.com/SvetlanaGrin/todo-app/pkg/service/auth.go:29.65,31.2 1 1
github.com/SvetlanaGrin/todo-app/pkg/service/auth.go:33.64,36.2 2 0
github.com/SvetlanaGrin/todo-app/pkg/service/auth.go:38.80,41.16 3 1
github.com/SvetlanaGrin/todo-app/pkg/service/auth.go:41.16,43.3 1 1
github.com/SvetlanaGrin/todo-app/pkg/service/auth.go:45.2,53.47 2 1
github.com/SvetlanaGrin/todo-app/pkg/service/auth.go:55.67,56.109 1 0
github.com/SvetlanaGrin/todo-app/pkg/service/auth.go:56.109,57.58 1 0
github.com/SvetlanaGrin/todo-app/pkg/service/auth.go:57.58,59.4 1 0
github.com/SvetlanaGrin/todo-app/pkg/service/auth.go:60.3,60.33 1 0
github.com/SvetlanaGrin/todo-app/pkg/service/auth.go:62.2,62.16 1 0
github.com/SvetlanaGrin/todo-app/pkg/service/auth.go:62.16,64.3 1 0
github.com/SvetlanaGrin/todo-app/pkg/service/auth.go:65.2,66.9 2 0
github.com/SvetlanaGrin/todo-app/pkg/service/auth.go:66.9,68.3 1 0
github.com/SvetlanaGrin/todo-app/pkg/service/auth.go:69.2,69.27 1 0
github.com/SvetlanaGrin/todo-app/pkg/service/auth.go:72.51,76.2 3 1
github.com/SvetlanaGrin/todo-app/pkg/service/service.go:34.56,40.2 1 0
github.com/SvetlanaGrin/todo-app/pkg/service/todo_item.go:13.98,15.2 1 0
github.com/SvetlanaGrin/todo-app/pkg/service/todo_item.go:17.87,19.16 2 0
github.com/SvetlanaGrin/todo-app/pkg/service/todo_item.go:19.16,21.3 1 0
github.com/SvetlanaGrin/todo-app/pkg/service/todo_item.go:23.2,23.36 1 0
github.com/SvetlanaGrin/todo-app/pkg/service/todo_item.go:26.79,28.2 1 0
github.com/SvetlanaGrin/todo-app/pkg/service/todo_item.go:29.78,31.2 1 0
github.com/SvetlanaGrin/todo-app/pkg/service/todo_item.go:33.60,35.2 1 0
github.com/SvetlanaGrin/todo-app/pkg/service/todo_item.go:36.88,38.2 1 0
github.com/SvetlanaGrin/todo-app/pkg/service/todo_list.go:12.68,14.2 1 0
github.com/SvetlanaGrin/todo-app/pkg/service/todo_list.go:16.79,18.2 1 0
github.com/SvetlanaGrin/todo-app/pkg/service/todo_list.go:19.71,21.2 1 0
github.com/SvetlanaGrin/todo-app/pkg/service/todo_list.go:23.74,25.2 1 0
github.com/SvetlanaGrin/todo-app/pkg/service/todo_list.go:26.56,28.2 1 0
github.com/SvetlanaGrin/todo-app/pkg/service/todo_list.go:29.84,30.41 1 0
github.com/SvetlanaGrin/todo-app/pkg/service/todo_list.go:30.41,32.3 1 0
github.com/SvetlanaGrin/todo-app/pkg/service/todo_list.go:33.2,33.41 1 0
